2020-03-10 21:04:57 INFO  StepHelper:68 - ############ Opening a browser Chrome ############
2020-03-10 21:04:59 INFO  StepHelper:11 - The opened URL is : https://en.wikipedia.org/wiki/Main_Page
2020-03-10 21:05:00 INFO  StepHelper:33 - ✅ ############################## ✅ 
2020-03-10 21:05:00 INFO  StepHelper:34 - Test completed starting closing the driver
2020-03-10 21:05:00 INFO  StepHelper:46 - Test completed.
2020-03-10 21:05:00 INFO  StepHelper:68 - ############ Opening a browser Chrome ############
2020-03-10 21:05:01 INFO  StepHelper:11 - The opened URL is : https://en.wikipedia.org/wiki/Main_Page
2020-03-10 21:05:02 INFO  StepHelper:33 - ✅ ############################## ✅ 
2020-03-10 21:05:02 INFO  StepHelper:34 - Test completed starting closing the driver
2020-03-10 21:05:02 INFO  StepHelper:46 - Test completed.
2020-03-12 11:26:46 INFO  StepHelper:68 - ############ Opening a browser Chrome ############
2020-03-12 11:26:50 INFO  StepHelper:11 - The opened URL is : https://en.wikipedia.org/wiki/Main_Page
2020-03-12 11:26:52 INFO  StepHelper:33 - ✅ ############################## ✅ 
2020-03-12 11:26:52 INFO  StepHelper:34 - Test completed starting closing the driver
2020-03-12 11:26:52 INFO  StepHelper:46 - Test completed.
2020-03-12 11:26:52 INFO  StepHelper:68 - ############ Opening a browser Chrome ############
2020-03-12 11:26:53 INFO  StepHelper:11 - The opened URL is : https://en.wikipedia.org/wiki/Main_Page
2020-03-12 11:26:54 INFO  StepHelper:33 - ✅ ############################## ✅ 
2020-03-12 11:26:54 INFO  StepHelper:34 - Test completed starting closing the driver
2020-03-12 11:26:54 INFO  StepHelper:46 - Test completed.
2020-03-12 11:27:48 INFO  StepHelper:68 - ############ Opening a browser Chrome ############
2020-03-12 11:27:52 INFO  StepHelper:11 - The opened URL is : https://en.wikipedia.org/wiki/Main_Page
2020-03-12 11:27:52 INFO  StepHelper:33 - ✅ ############################## ✅ 
2020-03-12 11:27:52 INFO  StepHelper:34 - Test completed starting closing the driver
2020-03-12 11:27:53 INFO  StepHelper:46 - Test completed.
2020-03-12 11:27:53 INFO  StepHelper:68 - ############ Opening a browser Chrome ############
2020-03-12 11:27:54 INFO  StepHelper:11 - The opened URL is : https://en.wikipedia.org/wiki/Main_Page
2020-03-12 11:27:55 INFO  StepHelper:33 - ✅ ############################## ✅ 
2020-03-12 11:27:55 INFO  StepHelper:34 - Test completed starting closing the driver
2020-03-12 11:27:55 INFO  StepHelper:46 - Test completed.
2020-03-12 13:23:28 INFO  StepHelper:68 - ############ Opening a browser Chrome ############
2020-03-12 13:23:32 INFO  StepHelper:13 - The opened URL is : https://en.wikipedia.org/wiki/Main_Page
2020-03-12 13:23:35 INFO  StepHelper:26 - ⛔ ############################## ⛔ 
2020-03-12 13:23:35 INFO  StepHelper:27 - Starting to finish the execution
2020-03-12 13:23:35 INFO  StepHelper:28 - ⛔ ############################## ⛔ 
2020-03-12 13:23:35 INFO  StepHelper:29 - Test completed starting closing the driver
2020-03-12 13:23:35 INFO  StepHelper:46 - Test completed.
2020-03-12 13:25:20 INFO  StepHelper:68 - ############ Opening a browser Chrome ############
2020-03-12 13:25:23 INFO  StepHelper:13 - The opened URL is : https://en.wikipedia.org/wiki/Main_Page
2020-03-12 13:25:23 INFO  StepHelper:26 - ⛔ ############################## ⛔ 
2020-03-12 13:25:23 INFO  StepHelper:27 - Starting to finish the execution
2020-03-12 13:25:23 INFO  StepHelper:28 - ⛔ ############################## ⛔ 
2020-03-12 13:25:23 INFO  StepHelper:29 - Test completed starting closing the driver
2020-03-12 13:25:24 INFO  StepHelper:46 - Test completed.
2020-03-12 13:26:07 INFO  StepHelper:68 - ############ Opening a browser Chrome ############
2020-03-12 13:26:09 INFO  StepHelper:13 - The opened URL is : https://en.wikipedia.org/wiki/Main_Page
2020-03-12 13:26:10 INFO  MainPage:32 - get_welcome_to
2020-03-12 13:26:10 INFO  StepHelper:26 - ⛔ ############################## ⛔ 
2020-03-12 13:26:10 INFO  StepHelper:27 - Starting to finish the execution
2020-03-12 13:26:10 INFO  StepHelper:28 - ⛔ ############################## ⛔ 
2020-03-12 13:26:10 INFO  StepHelper:29 - Test completed starting closing the driver
2020-03-12 13:26:10 INFO  StepHelper:46 - Test completed.
2020-03-12 13:27:31 INFO  StepHelper:68 - ############ Opening a browser Chrome ############
2020-03-12 13:27:40 INFO  StepHelper:13 - The opened URL is : https://en.wikipedia.org/wiki/Main_Page
2020-03-12 13:27:46 INFO  MainPage:32 - get_welcome_to
2020-03-12 13:27:46 INFO  StepHelper:26 - ⛔ ############################## ⛔ 
2020-03-12 13:27:46 INFO  StepHelper:27 - Starting to finish the execution
2020-03-12 13:27:46 INFO  StepHelper:28 - ⛔ ############################## ⛔ 
2020-03-12 13:27:46 INFO  StepHelper:29 - Test completed starting closing the driver
2020-03-12 13:27:46 INFO  StepHelper:46 - Test completed.
2020-03-12 13:28:44 INFO  StepHelper:68 - ############ Opening a browser Chrome ############
2020-03-12 13:28:47 INFO  StepHelper:13 - The opened URL is : https://en.wikipedia.org/wiki/Main_Page
2020-03-12 13:28:53 INFO  MainPage:32 - get_welcome_to
2020-03-12 13:28:53 INFO  StepHelper:26 - ⛔ ############################## ⛔ 
2020-03-12 13:28:53 INFO  StepHelper:27 - Starting to finish the execution
2020-03-12 13:28:53 INFO  StepHelper:28 - ⛔ ############################## ⛔ 
2020-03-12 13:28:53 INFO  StepHelper:29 - Test completed starting closing the driver
2020-03-12 13:28:53 INFO  StepHelper:46 - Test completed.
2020-03-12 13:32:21 INFO  StepHelper:68 - ############ Opening a browser Chrome ############
2020-03-12 13:32:25 INFO  StepHelper:13 - The opened URL is : https://en.wikipedia.org/wiki/Main_Page
2020-03-12 13:32:31 INFO  MainPage:32 - get_welcome_to
2020-03-12 13:32:31 INFO  StepHelper:26 - ⛔ ############################## ⛔ 
2020-03-12 13:32:31 INFO  StepHelper:27 - Starting to finish the execution
2020-03-12 13:32:31 INFO  StepHelper:28 - ⛔ ############################## ⛔ 
2020-03-12 13:32:31 INFO  StepHelper:29 - Test completed starting closing the driver
2020-03-12 13:32:31 INFO  StepHelper:46 - Test completed.
2020-03-12 13:33:41 INFO  StepHelper:68 - ############ Opening a browser Chrome ############
2020-03-12 13:33:44 INFO  StepHelper:13 - The opened URL is : https://en.wikipedia.org/wiki/Main_Page
2020-03-12 13:33:50 INFO  MainPage:32 - get_welcome_to
2020-03-12 13:33:50 INFO  StepHelper:26 - ⛔ ############################## ⛔ 
2020-03-12 13:33:50 INFO  StepHelper:27 - Starting to finish the execution
2020-03-12 13:33:50 INFO  StepHelper:28 - ⛔ ############################## ⛔ 
2020-03-12 13:33:50 INFO  StepHelper:29 - Test completed starting closing the driver
2020-03-12 13:33:50 INFO  StepHelper:46 - Test completed.
2020-03-12 13:34:23 INFO  StepHelper:68 - ############ Opening a browser Chrome ############
2020-03-12 13:34:26 INFO  StepHelper:13 - The opened URL is : https://en.wikipedia.org/wiki/Main_Page
2020-03-12 13:34:32 INFO  MainPage:32 - get_welcome_to
2020-03-12 13:34:32 INFO  StepHelper:26 - ⛔ ############################## ⛔ 
2020-03-12 13:34:32 INFO  StepHelper:27 - Starting to finish the execution
2020-03-12 13:34:32 INFO  StepHelper:28 - ⛔ ############################## ⛔ 
2020-03-12 13:34:32 INFO  StepHelper:29 - Test completed starting closing the driver
2020-03-12 13:34:32 INFO  StepHelper:46 - Test completed.
2020-03-12 14:04:45 INFO  StepHelper:68 - ############ Opening a browser Chrome ############
2020-03-12 14:04:48 INFO  StepHelper:13 - The opened URL is : https://en.wikipedia.org/wiki/Main_Page
2020-03-12 14:04:54 INFO  MainPage:32 - get_welcome_to
2020-03-12 14:04:54 INFO  StepHelper:26 - ⛔ ############################## ⛔ 
2020-03-12 14:04:54 INFO  StepHelper:27 - Starting to finish the execution
2020-03-12 14:04:54 INFO  StepHelper:28 - ⛔ ############################## ⛔ 
2020-03-12 14:04:54 INFO  StepHelper:29 - Test completed starting closing the driver
2020-03-12 14:04:55 INFO  StepHelper:46 - Test completed.
2020-03-12 14:05:56 INFO  StepHelper:68 - ############ Opening a browser Chrome ############
2020-03-12 14:05:58 INFO  StepHelper:13 - The opened URL is : https://en.wikipedia.org/wiki/Main_Page
2020-03-12 14:06:04 INFO  MainPage:32 - get_welcome_to
2020-03-12 14:06:04 INFO  StepHelper:26 - ⛔ ############################## ⛔ 
2020-03-12 14:06:04 INFO  StepHelper:27 - Starting to finish the execution
2020-03-12 14:06:04 INFO  StepHelper:28 - ⛔ ############################## ⛔ 
2020-03-12 14:06:04 INFO  StepHelper:29 - Test completed starting closing the driver
2020-03-12 14:06:04 INFO  StepHelper:46 - Test completed.
2020-03-12 14:08:01 INFO  StepHelper:68 - ############ Opening a browser Chrome ############
2020-03-12 14:08:04 INFO  StepHelper:13 - The opened URL is : https://en.wikipedia.org/wiki/Main_Page
2020-03-12 14:08:10 INFO  MainPage:32 - get_welcome_to
2020-03-12 14:08:10 INFO  StepHelper:26 - ⛔ ############################## ⛔ 
2020-03-12 14:08:10 INFO  StepHelper:27 - Starting to finish the execution
2020-03-12 14:08:10 INFO  StepHelper:28 - ⛔ ############################## ⛔ 
2020-03-12 14:08:10 INFO  StepHelper:29 - Test completed starting closing the driver
2020-03-12 14:08:10 INFO  StepHelper:46 - Test completed.
2020-03-12 14:10:07 INFO  StepHelper:68 - ############ Opening a browser Chrome ############
2020-03-12 14:10:10 INFO  StepHelper:13 - The opened URL is : https://en.wikipedia.org/wiki/Main_Page
2020-03-12 14:10:16 INFO  MainPage:32 - get_welcome_to
2020-03-12 14:10:16 INFO  MainPage:33 - Welcome to Wikipedia,
the free encyclopedia that anyone can edit.
6,031,891 articles in English
Arts
Biography
Geography
History
Mathematics
Science
Society
Technology
All portals
2020-03-12 14:10:16 INFO  MainPage:37 - get_welcome_title
2020-03-12 14:10:16 INFO  StepHelper:29 - Wikipedia
2020-03-12 14:10:16 INFO  StepHelper:33 - ✅ ############################## ✅ 
2020-03-12 14:10:16 INFO  StepHelper:34 - Test completed starting closing the driver
2020-03-12 14:10:16 INFO  StepHelper:46 - Test completed.
2020-03-12 14:13:06 INFO  StepHelper:68 - ############ Opening a browser Chrome ############
2020-03-12 14:13:08 INFO  StepHelper:13 - The opened URL is : https://en.wikipedia.org/wiki/Main_Page
2020-03-12 14:13:18 INFO  MainPage:32 - get_welcome_to
2020-03-12 14:13:18 INFO  StepHelper:26 - ⛔ ############################## ⛔ 
2020-03-12 14:13:18 INFO  StepHelper:27 - Starting to finish the execution
2020-03-12 14:13:18 INFO  StepHelper:28 - ⛔ ############################## ⛔ 
2020-03-12 14:13:18 INFO  StepHelper:29 - Test completed starting closing the driver
2020-03-12 14:13:18 INFO  StepHelper:46 - Test completed.
2020-03-12 14:13:53 INFO  StepHelper:68 - ############ Opening a browser Chrome ############
2020-03-12 14:13:56 INFO  StepHelper:13 - The opened URL is : https://en.wikipedia.org/wiki/Main_Page
2020-03-12 14:14:02 INFO  MainPage:32 - get_welcome_to
2020-03-12 14:14:02 INFO  StepHelper:26 - ⛔ ############################## ⛔ 
2020-03-12 14:14:02 INFO  StepHelper:27 - Starting to finish the execution
2020-03-12 14:14:02 INFO  StepHelper:28 - ⛔ ############################## ⛔ 
2020-03-12 14:14:02 INFO  StepHelper:29 - Test completed starting closing the driver
2020-03-12 14:14:02 INFO  StepHelper:46 - Test completed.
2020-03-12 14:14:46 INFO  StepHelper:68 - ############ Opening a browser Chrome ############
2020-03-12 14:14:49 INFO  StepHelper:13 - The opened URL is : https://en.wikipedia.org/wiki/Main_Page
2020-03-12 14:14:54 INFO  MainPage:32 - get_welcome_to
2020-03-12 14:14:54 INFO  StepHelper:26 - ⛔ ############################## ⛔ 
2020-03-12 14:14:54 INFO  StepHelper:27 - Starting to finish the execution
2020-03-12 14:14:54 INFO  StepHelper:28 - ⛔ ############################## ⛔ 
2020-03-12 14:14:54 INFO  StepHelper:29 - Test completed starting closing the driver
2020-03-12 14:14:55 INFO  StepHelper:46 - Test completed.
2020-03-12 14:15:29 INFO  StepHelper:68 - ############ Opening a browser Chrome ############
2020-03-12 14:15:32 INFO  StepHelper:13 - The opened URL is : https://en.wikipedia.org/wiki/Main_Page
2020-03-12 14:15:38 INFO  MainPage:32 - get_welcome_to
2020-03-12 14:15:38 INFO  MainPage:33 - Welcome to Wikipedia,
2020-03-12 14:15:38 INFO  MainPage:37 - get_welcome_title
2020-03-12 14:15:38 INFO  StepHelper:29 - Wikipedia
2020-03-12 14:15:38 INFO  StepHelper:33 - ✅ ############################## ✅ 
2020-03-12 14:15:38 INFO  StepHelper:34 - Test completed starting closing the driver
2020-03-12 14:15:38 INFO  StepHelper:46 - Test completed.
2020-03-12 14:17:27 INFO  StepHelper:68 - ############ Opening a browser Chrome ############
2020-03-12 14:17:30 INFO  StepHelper:13 - The opened URL is : https://en.wikipedia.org/wiki/Main_Page
2020-03-12 14:17:36 INFO  MainPage:32 - get_welcome_to
2020-03-12 14:17:36 INFO  StepHelper:26 - ⛔ ############################## ⛔ 
2020-03-12 14:17:36 INFO  StepHelper:27 - Starting to finish the execution
2020-03-12 14:17:36 INFO  StepHelper:28 - ⛔ ############################## ⛔ 
2020-03-12 14:17:36 INFO  StepHelper:29 - Test completed starting closing the driver
2020-03-12 14:17:36 INFO  StepHelper:46 - Test completed.
2020-03-12 14:20:34 INFO  StepHelper:68 - ############ Opening a browser Chrome ############
2020-03-12 14:20:37 INFO  StepHelper:13 - The opened URL is : https://en.wikipedia.org/wiki/Main_Page
2020-03-12 14:20:43 INFO  MainPage:32 - get_welcome_to
2020-03-12 14:20:43 INFO  MainPage:33 - Welcome to Wikipedia,
2020-03-12 14:20:43 INFO  MainPage:37 - get_welcome_title
2020-03-12 14:20:43 INFO  StepHelper:29 - Wikipedia
2020-03-12 14:20:43 INFO  StepHelper:33 - ✅ ############################## ✅ 
2020-03-12 14:20:43 INFO  StepHelper:34 - Test completed starting closing the driver
2020-03-12 14:20:43 INFO  StepHelper:46 - Test completed.
2020-03-12 14:22:59 INFO  StepHelper:68 - ############ Opening a browser Chrome ############
2020-03-12 14:23:01 INFO  StepHelper:13 - The opened URL is : https://en.wikipedia.org/wiki/Main_Page
2020-03-12 14:23:07 INFO  MainPage:34 - get_welcome_to
2020-03-12 14:23:07 INFO  MainPage:36 - [Ljava.lang.String;@59252cb6
2020-03-12 14:23:07 INFO  MainPage:40 - get_welcome_title
2020-03-12 14:23:07 INFO  StepHelper:29 - Wikipedia
2020-03-12 14:23:07 INFO  StepHelper:33 - ✅ ############################## ✅ 
2020-03-12 14:23:07 INFO  StepHelper:34 - Test completed starting closing the driver
2020-03-12 14:23:07 INFO  StepHelper:46 - Test completed.
2020-03-12 14:24:02 INFO  StepHelper:68 - ############ Opening a browser Chrome ############
2020-03-12 14:24:04 INFO  StepHelper:13 - The opened URL is : https://en.wikipedia.org/wiki/Main_Page
2020-03-12 14:24:10 INFO  MainPage:34 - get_welcome_to
2020-03-12 14:24:10 INFO  MainPage:37 - Welcome
2020-03-12 14:24:10 INFO  MainPage:37 - to
2020-03-12 14:24:10 INFO  MainPage:37 - Wikipedia,
2020-03-12 14:24:10 INFO  MainPage:42 - get_welcome_title
2020-03-12 14:24:10 INFO  StepHelper:29 - Wikipedia
2020-03-12 14:24:10 INFO  StepHelper:33 - ✅ ############################## ✅ 
2020-03-12 14:24:10 INFO  StepHelper:34 - Test completed starting closing the driver
2020-03-12 14:24:10 INFO  StepHelper:46 - Test completed.
2020-03-12 14:31:52 INFO  StepHelper:68 - ############ Opening a browser Chrome ############
2020-03-12 14:31:55 INFO  StepHelper:13 - The opened URL is : https://en.wikipedia.org/wiki/Main_Page
2020-03-12 14:32:01 INFO  MainPage:34 - Getting 'Welcome to'
2020-03-12 14:32:01 INFO  MainPage:34 - Getting 'Welcome to'
2020-03-12 14:32:01 INFO  StepHelper:30 - Welcometo
2020-03-12 14:32:01 INFO  MainPage:40 - Getting title from Welcome
2020-03-12 14:32:01 INFO  StepHelper:33 - ✅ ############################## ✅ 
2020-03-12 14:32:01 INFO  StepHelper:34 - Test completed starting closing the driver
2020-03-12 14:32:01 INFO  StepHelper:46 - Test completed.
2020-03-12 14:34:57 INFO  StepHelper:68 - ############ Opening a browser Chrome ############
2020-03-12 14:34:59 INFO  StepHelper:13 - The opened URL is : https://en.wikipedia.org/wiki/Main_Page
2020-03-12 14:35:04 INFO  MainPage:34 - Getting 'Welcome to'
2020-03-12 14:35:05 INFO  StepHelper:28 - Welcome to
2020-03-12 14:35:05 INFO  MainPage:41 - Getting title from Welcome
2020-03-12 14:35:05 INFO  StepHelper:33 - ✅ ############################## ✅ 
2020-03-12 14:35:05 INFO  StepHelper:34 - Test completed starting closing the driver
2020-03-12 14:35:05 INFO  StepHelper:46 - Test completed.
2020-03-12 14:37:30 INFO  StepHelper:68 - ############ Opening a browser Chrome ############
2020-03-12 14:37:32 INFO  StepHelper:14 - The opened URL is : https://en.wikipedia.org/wiki/Main_Page
2020-03-12 14:37:38 INFO  StepHelper:26 - ⛔ ############################## ⛔ 
2020-03-12 14:37:38 INFO  StepHelper:27 - Starting to finish the execution
2020-03-12 14:37:38 INFO  StepHelper:28 - ⛔ ############################## ⛔ 
2020-03-12 14:37:38 INFO  StepHelper:29 - Test completed starting closing the driver
2020-03-12 14:37:39 INFO  StepHelper:46 - Test completed.
2020-03-12 14:38:11 INFO  StepHelper:68 - ############ Opening a browser Chrome ############
2020-03-12 14:38:13 INFO  StepHelper:14 - The opened URL is : https://en.wikipedia.org/wiki/Main_Page
2020-03-12 14:38:19 INFO  StepHelper:33 - ✅ ############################## ✅ 
2020-03-12 14:38:19 INFO  StepHelper:34 - Test completed starting closing the driver
2020-03-12 14:38:19 INFO  StepHelper:46 - Test completed.
2020-03-12 14:42:20 INFO  StepHelper:68 - ############ Opening a browser Chrome ############
2020-03-12 14:42:26 INFO  StepHelper:14 - The opened URL is : https://en.wikipedia.org/wiki/Main_Page
2020-03-12 14:42:30 INFO  StepHelper:42 - ✅ ############################## ✅ 
2020-03-12 14:42:30 INFO  StepHelper:43 - Test completed starting closing the driver
2020-03-12 14:42:31 INFO  StepHelper:55 - Test completed.
2020-03-12 14:42:48 INFO  StepHelper:68 - ############ Opening a browser Chrome ############
2020-03-12 14:42:51 INFO  StepHelper:14 - The opened URL is : https://en.wikipedia.org/wiki/Main_Page
2020-03-12 14:42:51 INFO  StepHelper:42 - ✅ ############################## ✅ 
2020-03-12 14:42:51 INFO  StepHelper:43 - Test completed starting closing the driver
2020-03-12 14:42:52 INFO  StepHelper:55 - Test completed.
2020-03-12 14:43:13 INFO  StepHelper:68 - ############ Opening a browser Chrome ############
2020-03-12 14:43:16 INFO  StepHelper:14 - The opened URL is : https://en.wikipedia.org/wiki/Main_Page
2020-03-12 14:43:19 INFO  StepHelper:42 - ✅ ############################## ✅ 
2020-03-12 14:43:19 INFO  StepHelper:43 - Test completed starting closing the driver
2020-03-12 14:43:19 INFO  StepHelper:55 - Test completed.
2020-03-12 14:46:52 INFO  StepHelper:68 - ############ Opening a browser Chrome ############
2020-03-12 14:46:56 INFO  StepHelper:14 - The opened URL is : https://en.wikipedia.org/wiki/Main_Page
2020-03-12 14:46:57 INFO  StepHelper:23 - Checking the greeting wording in the left top corner, that 'Welcome to' is Welcome to
2020-03-12 14:46:58 INFO  StepHelper:25 - Checking the title, 'Welcome' has Wikipedia
2020-03-12 14:46:59 INFO  StepHelper:42 - ✅ ############################## ✅ 
2020-03-12 14:46:59 INFO  StepHelper:43 - Test completed starting closing the driver
2020-03-12 14:46:59 INFO  StepHelper:55 - Test completed.
2020-03-12 14:49:20 INFO  StepHelper:68 - ############ Opening a browser Chrome ############
2020-03-12 14:49:23 INFO  StepHelper:14 - The web page, which should be checked, is: https://en.wikipedia.org/wiki/Main_Page
2020-03-12 14:49:24 INFO  StepHelper:23 - Checking the greeting wording in the left top corner, that 'Welcome to' is 'Welcome to'
2020-03-12 14:49:24 INFO  StepHelper:25 - Checking the title 'Welcome', it should be the same: 'Wikipedia'
2020-03-12 14:49:26 INFO  StepHelper:42 - ✅ ############################## ✅ 
2020-03-12 14:49:26 INFO  StepHelper:43 - Test completed starting closing the driver
2020-03-12 14:49:26 INFO  StepHelper:55 - Test completed.
2020-03-12 14:50:28 INFO  StepHelper:68 - ############ Opening a browser Chrome ############

2020-03-12 14:50:31 INFO  StepHelper:14 - The web page, which should be checked, is: https://en.wikipedia.org/wiki/Main_Page
2020-03-12 14:50:33 INFO  StepHelper:23 - Checking the greeting wording in the left top corner, that 'Welcome to' is 'Welcome to'
2020-03-12 14:50:33 INFO  StepHelper:25 - Checking the title 'Welcome', it should be the same: 'Wikipedia'
2020-03-12 14:50:34 INFO  StepHelper:42 - ✅ ############################## ✅ 
2020-03-12 14:50:34 INFO  StepHelper:43 - Test completed starting closing the driver
2020-03-12 14:50:34 INFO  StepHelper:55 - Test completed.
2020-03-12 14:51:39 INFO  StepHelper:68 - 
############ Opening a browser Chrome ############

2020-03-12 14:51:42 INFO  StepHelper:14 - The web page, which should be checked, is: https://en.wikipedia.org/wiki/Main_Page
2020-03-12 14:51:44 INFO  StepHelper:23 - Checking the greeting wording in the left top corner, that 'Welcome to' is 'Welcome to'
2020-03-12 14:51:44 INFO  StepHelper:25 - Checking the title 'Welcome', it should be the same: 'Wikipedia'
2020-03-12 14:51:45 INFO  StepHelper:42 - 
✅ ############################## ✅ 

2020-03-12 14:51:45 INFO  StepHelper:43 - Test completed starting closing the driver
2020-03-12 14:51:45 INFO  StepHelper:55 - Test completed.
2020-03-12 14:52:41 INFO  StepHelper:68 - ############ Opening a browser Chrome ############

2020-03-12 14:52:44 INFO  StepHelper:14 - The web page, which should be checked, is: https://en.wikipedia.org/wiki/Main_Page
2020-03-12 14:52:46 INFO  StepHelper:23 - Checking the greeting wording in the left top corner, that 'Welcome to' is 'Welcome to'
2020-03-12 14:52:46 INFO  StepHelper:25 - Checking the title 'Welcome', it should be the same: 'Wikipedia'
2020-03-12 14:52:47 INFO  StepHelper:42 - ✅ ############################## ✅ 

2020-03-12 14:52:47 INFO  StepHelper:43 - Test completed starting closing the driver
2020-03-12 14:52:47 INFO  StepHelper:55 - Test completed.
2020-03-12 14:53:28 INFO  StepHelper:68 - ############ Opening a browser Chrome ############
2020-03-12 14:53:32 INFO  StepHelper:14 - The web page, which should be checked, is: https://en.wikipedia.org/wiki/Main_Page
2020-03-12 14:53:34 INFO  StepHelper:23 - Checking the greeting wording in the left top corner, that 'Welcome to' is 'Welcome to'
2020-03-12 14:53:34 INFO  StepHelper:25 - Checking the title 'Welcome', it should be the same: 'Wikipedia'
2020-03-12 14:53:35 INFO  StepHelper:42 - ✅ ############################## ✅ 
2020-03-12 14:53:35 INFO  StepHelper:43 - Test completed starting closing the driver
2020-03-12 14:53:35 INFO  StepHelper:55 - Test completed.
2020-03-15 20:37:08 INFO  StepHelper:68 - ############ Opening a browser Chrome ############
2020-03-15 20:37:13 INFO  StepHelper:15 - The web page, which should be checked, is: https://en.wikipedia.org/wiki/Main_Page
2020-03-15 20:37:15 INFO  StepHelper:24 - Checking the greeting wording in the left top corner, that 'Welcome to' is 'Welcome to'
2020-03-15 20:37:15 INFO  StepHelper:26 - Checking the title 'Welcome', it should be the same: 'Wikipedia'
2020-03-15 20:37:16 INFO  StepHelper:24 - info@alexanderwahl.eu
2020-03-15 20:37:16 INFO  StepHelper:26 - akdskajduwad
2020-03-15 20:37:16 INFO  StepHelper:24 - akdskajduwad
2020-03-15 20:37:16 INFO  StepHelper:26 - 
2020-03-15 20:37:17 INFO  StepHelper:42 - ✅ ############################## ✅ 
2020-03-15 20:37:17 INFO  StepHelper:43 - Test completed starting closing the driver
2020-03-15 20:37:17 INFO  StepHelper:55 - Test completed.
2020-03-15 20:37:58 INFO  StepHelper:68 - ############ Opening a browser Chrome ############
2020-03-15 20:38:02 INFO  StepHelper:15 - The web page, which should be checked, is: https://en.wikipedia.org/wiki/Main_Page
2020-03-15 20:38:03 INFO  StepHelper:24 - Checking the greeting wording in the left top corner, that 'Welcome to' is 'Welcome to'
2020-03-15 20:38:03 INFO  StepHelper:26 - Checking the title 'Welcome', it should be the same: 'Wikipedia'
2020-03-15 20:38:03 INFO  StepHelper:24 - info@alexanderwahl.eu
2020-03-15 20:38:03 INFO  StepHelper:24 - akdskajduwad
2020-03-15 20:38:04 INFO  StepHelper:42 - ✅ ############################## ✅ 
2020-03-15 20:38:04 INFO  StepHelper:43 - Test completed starting closing the driver
2020-03-15 20:38:05 INFO  StepHelper:55 - Test completed.
2020-03-15 20:59:07 INFO  StepHelper:68 - ############ Opening a browser Chrome ############
2020-03-15 20:59:12 INFO  StepHelper:15 - The web page, which should be checked, is: https://en.wikipedia.org/wiki/Main_Page
2020-03-15 20:59:14 INFO  StepHelper:24 - Checking the greeting wording in the left top corner, that 'Welcome to' is 'Welcome to'
2020-03-15 20:59:14 INFO  StepHelper:26 - Checking the title 'Welcome', it should be the same: 'Wikipedia'
2020-03-15 20:59:14 INFO  StepHelper:29 - info@alexanderwahl.eu
2020-03-15 20:59:15 INFO  StepHelper:35 - ⛔ ############################## ⛔ 
2020-03-15 20:59:15 INFO  StepHelper:36 - Starting to finish the execution
2020-03-15 20:59:15 INFO  StepHelper:37 - ⛔ ############################## ⛔ 
2020-03-15 20:59:15 INFO  StepHelper:38 - Test completed starting closing the driver
2020-03-15 20:59:15 INFO  StepHelper:55 - Test completed.
2020-03-15 21:00:46 INFO  StepHelper:68 - ############ Opening a browser Chrome ############
2020-03-15 21:00:49 INFO  StepHelper:15 - The web page, which should be checked, is: https://en.wikipedia.org/wiki/Main_Page
2020-03-15 21:00:51 INFO  StepHelper:24 - Checking the greeting wording in the left top corner, that 'Welcome to' is 'Welcome to'
2020-03-15 21:00:51 INFO  StepHelper:26 - Checking the title 'Welcome', it should be the same: 'Wikipedia'
2020-03-15 21:00:51 INFO  StepHelper:29 - info@alexanderwahl.eu
2020-03-15 21:00:52 INFO  StepHelper:35 - ⛔ ############################## ⛔ 
2020-03-15 21:00:52 INFO  StepHelper:36 - Starting to finish the execution
2020-03-15 21:00:52 INFO  StepHelper:37 - ⛔ ############################## ⛔ 
2020-03-15 21:00:52 INFO  StepHelper:38 - Test completed starting closing the driver
2020-03-15 21:00:52 INFO  StepHelper:55 - Test completed.
2020-03-15 21:01:30 INFO  StepHelper:68 - ############ Opening a browser Chrome ############
2020-03-15 21:01:34 INFO  StepHelper:15 - The web page, which should be checked, is: https://en.wikipedia.org/wiki/Main_Page
2020-03-15 21:01:36 INFO  StepHelper:24 - Checking the greeting wording in the left top corner, that 'Welcome to' is 'Welcome to'
2020-03-15 21:01:36 INFO  StepHelper:26 - Checking the title 'Welcome', it should be the same: 'Wikipedia'
2020-03-15 21:01:36 INFO  StepHelper:28 - info@alexanderwahl.eu
2020-03-15 21:01:37 INFO  StepHelper:35 - ⛔ ############################## ⛔ 
2020-03-15 21:01:37 INFO  StepHelper:36 - Starting to finish the execution
2020-03-15 21:01:37 INFO  StepHelper:37 - ⛔ ############################## ⛔ 
2020-03-15 21:01:37 INFO  StepHelper:38 - Test completed starting closing the driver
2020-03-15 21:01:37 INFO  StepHelper:55 - Test completed.
2020-03-15 21:14:28 INFO  StepHelper:68 - ############ Opening a browser Chrome ############
2020-03-15 21:14:33 INFO  StepHelper:15 - The web page, which should be checked, is: https://en.wikipedia.org/wiki/Main_Page
2020-03-15 21:14:35 INFO  StepHelper:24 - Checking the greeting wording in the left top corner, that 'Welcome to' is 'Welcome to'
2020-03-15 21:14:35 INFO  StepHelper:26 - Checking the title 'Welcome', it should be the same: 'Wikipedia'
2020-03-15 21:14:35 INFO  StepHelper:30 - info@alexanderwahl.eu
2020-03-15 21:14:35 INFO  StepHelper:35 - info@alexanderwahl.eu
2020-03-15 21:14:35 INFO  StepHelper:35 - akdskajduwad
2020-03-15 21:14:35 INFO  StepHelper:40 - Login is info@alexanderwahl.eu
2020-03-15 21:14:35 INFO  StepHelper:41 - Password is akdskajduwad
2020-03-15 21:14:36 INFO  StepHelper:42 - ✅ ############################## ✅ 
2020-03-15 21:14:36 INFO  StepHelper:43 - Test completed starting closing the driver
2020-03-15 21:14:36 INFO  StepHelper:55 - Test completed.
2020-03-15 21:15:53 INFO  StepHelper:68 - ############ Opening a browser Chrome ############
2020-03-15 21:15:56 INFO  StepHelper:15 - The web page, which should be checked, is: https://en.wikipedia.org/wiki/Main_Page
2020-03-15 21:15:58 INFO  StepHelper:24 - Checking the greeting wording in the left top corner, that 'Welcome to' is 'Welcome to'
2020-03-15 21:15:58 INFO  StepHelper:26 - Checking the title 'Welcome', it should be the same: 'Wikipedia'
2020-03-15 21:15:58 INFO  StepHelper:37 - Login is info@alexanderwahl.eu
2020-03-15 21:15:58 INFO  StepHelper:38 - Password is akdskajduwad
2020-03-15 21:15:59 INFO  StepHelper:42 - ✅ ############################## ✅ 
2020-03-15 21:15:59 INFO  StepHelper:43 - Test completed starting closing the driver
2020-03-15 21:15:59 INFO  StepHelper:55 - Test completed.
2020-03-15 21:39:28 INFO  StepHelper:68 - ############ Opening a browser Chrome ############
2020-03-15 21:39:33 INFO  StepHelper:15 - The web page, which should be checked, is: https://en.wikipedia.org/wiki/Main_Page
2020-03-15 21:39:35 INFO  StepHelper:24 - Checking the greeting wording in the left top corner, that 'Welcome to' is 'Welcome to'
2020-03-15 21:39:35 INFO  StepHelper:26 - Checking the title 'Welcome', it should be the same: 'Wikipedia'
2020-03-15 21:39:36 INFO  StepHelper:35 - ⛔ ############################## ⛔ 
2020-03-15 21:39:36 INFO  StepHelper:36 - Starting to finish the execution
2020-03-15 21:39:36 INFO  StepHelper:37 - ⛔ ############################## ⛔ 
2020-03-15 21:39:36 INFO  StepHelper:38 - Test completed starting closing the driver
2020-03-15 21:39:36 INFO  StepHelper:55 - Test completed.
2020-03-15 21:40:35 INFO  StepHelper:68 - ############ Opening a browser Chrome ############
2020-03-15 21:40:39 INFO  StepHelper:15 - The web page, which should be checked, is: https://en.wikipedia.org/wiki/Main_Page
2020-03-15 21:40:41 INFO  StepHelper:24 - Checking the greeting wording in the left top corner, that 'Welcome to' is 'Welcome to'
2020-03-15 21:40:41 INFO  StepHelper:26 - Checking the title 'Welcome', it should be the same: 'Wikipedia'
2020-03-15 21:40:42 INFO  StepHelper:35 - ⛔ ############################## ⛔ 
2020-03-15 21:40:42 INFO  StepHelper:36 - Starting to finish the execution
2020-03-15 21:40:42 INFO  StepHelper:37 - ⛔ ############################## ⛔ 
2020-03-15 21:40:42 INFO  StepHelper:38 - Test completed starting closing the driver
2020-03-15 21:40:42 INFO  StepHelper:55 - Test completed.
2020-03-15 21:41:53 INFO  StepHelper:68 - ############ Opening a browser Chrome ############
2020-03-15 21:41:56 INFO  StepHelper:15 - The web page, which should be checked, is: https://en.wikipedia.org/wiki/Main_Page
2020-03-15 21:41:58 INFO  StepHelper:24 - Checking the greeting wording in the left top corner, that 'Welcome to' is 'Welcome to'
2020-03-15 21:41:58 INFO  StepHelper:26 - Checking the title 'Welcome', it should be the same: 'Wikipedia'
2020-03-15 21:41:58 INFO  StepHelper:27 - jenkins@alexanderwahl.eu
2020-03-15 21:41:58 INFO  StepHelper:27 - uPh&22WFwHo3YYO0tgwdG
2020-03-15 21:41:59 INFO  StepHelper:35 - ⛔ ############################## ⛔ 
2020-03-15 21:41:59 INFO  StepHelper:36 - Starting to finish the execution
2020-03-15 21:41:59 INFO  StepHelper:37 - ⛔ ############################## ⛔ 
2020-03-15 21:41:59 INFO  StepHelper:38 - Test completed starting closing the driver
2020-03-15 21:41:59 INFO  StepHelper:55 - Test completed.
2020-03-15 21:44:18 INFO  StepHelper:68 - ############ Opening a browser Chrome ############
2020-03-15 21:44:22 INFO  StepHelper:15 - The web page, which should be checked, is: https://en.wikipedia.org/wiki/Main_Page
2020-03-15 21:44:23 INFO  StepHelper:24 - Checking the greeting wording in the left top corner, that 'Welcome to' is 'Welcome to'
2020-03-15 21:44:24 INFO  StepHelper:26 - Checking the title 'Welcome', it should be the same: 'Wikipedia'
2020-03-15 21:44:25 INFO  StepHelper:35 - ⛔ ############################## ⛔ 
2020-03-15 21:44:25 INFO  StepHelper:36 - Starting to finish the execution
2020-03-15 21:44:25 INFO  StepHelper:37 - ⛔ ############################## ⛔ 
2020-03-15 21:44:25 INFO  StepHelper:38 - Test completed starting closing the driver
2020-03-15 21:44:25 INFO  StepHelper:55 - Test completed.
2020-03-15 21:46:17 INFO  StepHelper:68 - ############ Opening a browser Chrome ############
2020-03-15 21:46:20 INFO  StepHelper:15 - The web page, which should be checked, is: https://en.wikipedia.org/wiki/Main_Page
2020-03-15 21:46:22 INFO  StepHelper:24 - Checking the greeting wording in the left top corner, that 'Welcome to' is 'Welcome to'
2020-03-15 21:46:22 INFO  StepHelper:26 - Checking the title 'Welcome', it should be the same: 'Wikipedia'
2020-03-15 21:46:23 INFO  StepHelper:35 - ⛔ ############################## ⛔ 
2020-03-15 21:46:23 INFO  StepHelper:36 - Starting to finish the execution
2020-03-15 21:46:23 INFO  StepHelper:37 - ⛔ ############################## ⛔ 
2020-03-15 21:46:23 INFO  StepHelper:38 - Test completed starting closing the driver
2020-03-15 21:46:23 INFO  StepHelper:55 - Test completed.
2020-03-15 21:47:20 INFO  StepHelper:68 - ############ Opening a browser Chrome ############
2020-03-15 21:47:23 INFO  StepHelper:15 - The web page, which should be checked, is: https://en.wikipedia.org/wiki/Main_Page
2020-03-15 21:47:25 INFO  StepHelper:24 - Checking the greeting wording in the left top corner, that 'Welcome to' is 'Welcome to'
2020-03-15 21:47:25 INFO  StepHelper:26 - Checking the title 'Welcome', it should be the same: 'Wikipedia'
2020-03-15 21:47:26 INFO  StepHelper:35 - ⛔ ############################## ⛔ 
2020-03-15 21:47:26 INFO  StepHelper:36 - Starting to finish the execution
2020-03-15 21:47:26 INFO  StepHelper:37 - ⛔ ############################## ⛔ 
2020-03-15 21:47:26 INFO  StepHelper:38 - Test completed starting closing the driver
2020-03-15 21:47:26 INFO  StepHelper:55 - Test completed.
2020-03-15 21:48:58 INFO  StepHelper:68 - ############ Opening a browser Chrome ############
2020-03-15 21:49:01 INFO  StepHelper:15 - The web page, which should be checked, is: https://en.wikipedia.org/wiki/Main_Page
2020-03-15 21:49:03 INFO  StepHelper:24 - Checking the greeting wording in the left top corner, that 'Welcome to' is 'Welcome to'
2020-03-15 21:49:03 INFO  StepHelper:26 - Checking the title 'Welcome', it should be the same: 'Wikipedia'
2020-03-15 21:49:04 INFO  StepHelper:35 - ⛔ ############################## ⛔ 
2020-03-15 21:49:04 INFO  StepHelper:36 - Starting to finish the execution
2020-03-15 21:49:04 INFO  StepHelper:37 - ⛔ ############################## ⛔ 
2020-03-15 21:49:04 INFO  StepHelper:38 - Test completed starting closing the driver
2020-03-15 21:49:04 INFO  StepHelper:55 - Test completed.
2020-03-15 21:50:09 INFO  StepHelper:68 - ############ Opening a browser Chrome ############
2020-03-15 21:50:12 INFO  StepHelper:15 - The web page, which should be checked, is: https://en.wikipedia.org/wiki/Main_Page
2020-03-15 21:50:14 INFO  StepHelper:24 - Checking the greeting wording in the left top corner, that 'Welcome to' is 'Welcome to'
2020-03-15 21:50:14 INFO  StepHelper:26 - Checking the title 'Welcome', it should be the same: 'Wikipedia'
2020-03-15 21:50:15 INFO  StepHelper:35 - ⛔ ############################## ⛔ 
2020-03-15 21:50:15 INFO  StepHelper:36 - Starting to finish the execution
2020-03-15 21:50:15 INFO  StepHelper:37 - ⛔ ############################## ⛔ 
2020-03-15 21:50:15 INFO  StepHelper:38 - Test completed starting closing the driver
2020-03-15 21:50:15 INFO  StepHelper:55 - Test completed.
2020-03-15 21:52:24 INFO  StepHelper:35 - ⛔ ############################## ⛔ 
2020-03-15 21:52:24 INFO  StepHelper:36 - Starting to finish the execution
2020-03-15 21:52:24 INFO  StepHelper:37 - ⛔ ############################## ⛔ 
2020-03-15 21:52:24 INFO  StepHelper:38 - Test completed starting closing the driver
2020-03-15 21:52:24 INFO  StepHelper:55 - Test completed.
2020-03-15 21:54:11 INFO  StepHelper:41 - jenkins@alexanderwahl.eu
2020-03-15 21:54:11 INFO  StepHelper:42 - uPh&22WFwHo3YYO0tgwdG
2020-03-15 21:54:12 INFO  StepHelper:42 - ✅ ############################## ✅ 
2020-03-15 21:54:12 INFO  StepHelper:43 - Test completed starting closing the driver
2020-03-15 21:54:12 INFO  StepHelper:55 - Test completed.
2020-03-15 21:55:51 INFO  StepHelper:35 - ⛔ ############################## ⛔ 
2020-03-15 21:55:51 INFO  StepHelper:36 - Starting to finish the execution
2020-03-15 21:55:51 INFO  StepHelper:37 - ⛔ ############################## ⛔ 
2020-03-15 21:55:51 INFO  StepHelper:38 - Test completed starting closing the driver
2020-03-15 21:55:51 INFO  StepHelper:55 - Test completed.
2020-03-15 21:59:25 INFO  StepHelper:42 - ✅ ############################## ✅ 
2020-03-15 21:59:25 INFO  StepHelper:43 - Test completed starting closing the driver
2020-03-15 21:59:25 INFO  StepHelper:55 - Test completed.
2020-03-15 22:00:15 INFO  StepHelper:33 - uPh&22WFwHo3YYO0tgwdG
2020-03-15 22:00:16 INFO  StepHelper:42 - ✅ ############################## ✅ 
2020-03-15 22:00:16 INFO  StepHelper:43 - Test completed starting closing the driver
2020-03-15 22:00:16 INFO  StepHelper:55 - Test completed.
2020-03-15 22:00:27 INFO  StepHelper:33 - jenkins@alexanderwahl.eu
2020-03-15 22:00:28 INFO  StepHelper:42 - ✅ ############################## ✅ 
2020-03-15 22:00:28 INFO  StepHelper:43 - Test completed starting closing the driver
2020-03-15 22:00:28 INFO  StepHelper:55 - Test completed.
